2019-03-31 14:40:41,399 INFO: Microblog startup [in /Users/RamanSB/Documents/Python/Python Lesuire/Flask/MegaTutorial/microblog/app/__init__.py:39]
2019-03-31 14:40:51,318 ERROR: Exception on /edit_profile [POST] [in /Users/RamanSB/Documents/Python/Python Lesuire/Flask/MegaTutorial/microblog/venv/lib/python3.7/site-packages/flask/app.py:1761]
Traceback (most recent call last):
  File "/Users/RamanSB/Documents/Python/Python Lesuire/Flask/MegaTutorial/microblog/venv/lib/python3.7/site-packages/sqlalchemy/engine/base.py", line 1244, in _execute_context
    cursor, statement, parameters, context
  File "/Users/RamanSB/Documents/Python/Python Lesuire/Flask/MegaTutorial/microblog/venv/lib/python3.7/site-packages/sqlalchemy/engine/default.py", line 552, in do_execute
    cursor.execute(statement, parameters)
sqlite3.IntegrityError: UNIQUE constraint failed: user.username

The above exception was the direct cause of the following exception:

Traceback (most recent call last):
  File "/Users/RamanSB/Documents/Python/Python Lesuire/Flask/MegaTutorial/microblog/venv/lib/python3.7/site-packages/flask/app.py", line 2292, in wsgi_app
    response = self.full_dispatch_request()
  File "/Users/RamanSB/Documents/Python/Python Lesuire/Flask/MegaTutorial/microblog/venv/lib/python3.7/site-packages/flask/app.py", line 1815, in full_dispatch_request
    rv = self.handle_user_exception(e)
  File "/Users/RamanSB/Documents/Python/Python Lesuire/Flask/MegaTutorial/microblog/venv/lib/python3.7/site-packages/flask/app.py", line 1718, in handle_user_exception
    reraise(exc_type, exc_value, tb)
  File "/Users/RamanSB/Documents/Python/Python Lesuire/Flask/MegaTutorial/microblog/venv/lib/python3.7/site-packages/flask/_compat.py", line 35, in reraise
    raise value
  File "/Users/RamanSB/Documents/Python/Python Lesuire/Flask/MegaTutorial/microblog/venv/lib/python3.7/site-packages/flask/app.py", line 1813, in full_dispatch_request
    rv = self.dispatch_request()
  File "/Users/RamanSB/Documents/Python/Python Lesuire/Flask/MegaTutorial/microblog/venv/lib/python3.7/site-packages/flask/app.py", line 1799, in dispatch_request
    return self.view_functions[rule.endpoint](**req.view_args)
  File "/Users/RamanSB/Documents/Python/Python Lesuire/Flask/MegaTutorial/microblog/venv/lib/python3.7/site-packages/flask_login/utils.py", line 261, in decorated_view
    return func(*args, **kwargs)
  File "/Users/RamanSB/Documents/Python/Python Lesuire/Flask/MegaTutorial/microblog/app/routes.py", line 106, in edit_profile
    db.session.commit()
  File "/Users/RamanSB/Documents/Python/Python Lesuire/Flask/MegaTutorial/microblog/venv/lib/python3.7/site-packages/sqlalchemy/orm/scoping.py", line 162, in do
    return getattr(self.registry(), name)(*args, **kwargs)
  File "/Users/RamanSB/Documents/Python/Python Lesuire/Flask/MegaTutorial/microblog/venv/lib/python3.7/site-packages/sqlalchemy/orm/session.py", line 1026, in commit
    self.transaction.commit()
  File "/Users/RamanSB/Documents/Python/Python Lesuire/Flask/MegaTutorial/microblog/venv/lib/python3.7/site-packages/sqlalchemy/orm/session.py", line 493, in commit
    self._prepare_impl()
  File "/Users/RamanSB/Documents/Python/Python Lesuire/Flask/MegaTutorial/microblog/venv/lib/python3.7/site-packages/sqlalchemy/orm/session.py", line 472, in _prepare_impl
    self.session.flush()
  File "/Users/RamanSB/Documents/Python/Python Lesuire/Flask/MegaTutorial/microblog/venv/lib/python3.7/site-packages/sqlalchemy/orm/session.py", line 2451, in flush
    self._flush(objects)
  File "/Users/RamanSB/Documents/Python/Python Lesuire/Flask/MegaTutorial/microblog/venv/lib/python3.7/site-packages/sqlalchemy/orm/session.py", line 2589, in _flush
    transaction.rollback(_capture_exception=True)
  File "/Users/RamanSB/Documents/Python/Python Lesuire/Flask/MegaTutorial/microblog/venv/lib/python3.7/site-packages/sqlalchemy/util/langhelpers.py", line 68, in __exit__
    compat.reraise(exc_type, exc_value, exc_tb)
  File "/Users/RamanSB/Documents/Python/Python Lesuire/Flask/MegaTutorial/microblog/venv/lib/python3.7/site-packages/sqlalchemy/util/compat.py", line 129, in reraise
    raise value
  File "/Users/RamanSB/Documents/Python/Python Lesuire/Flask/MegaTutorial/microblog/venv/lib/python3.7/site-packages/sqlalchemy/orm/session.py", line 2549, in _flush
    flush_context.execute()
  File "/Users/RamanSB/Documents/Python/Python Lesuire/Flask/MegaTutorial/microblog/venv/lib/python3.7/site-packages/sqlalchemy/orm/unitofwork.py", line 422, in execute
    rec.execute(self)
  File "/Users/RamanSB/Documents/Python/Python Lesuire/Flask/MegaTutorial/microblog/venv/lib/python3.7/site-packages/sqlalchemy/orm/unitofwork.py", line 589, in execute
    uow,
  File "/Users/RamanSB/Documents/Python/Python Lesuire/Flask/MegaTutorial/microblog/venv/lib/python3.7/site-packages/sqlalchemy/orm/persistence.py", line 236, in save_obj
    update,
  File "/Users/RamanSB/Documents/Python/Python Lesuire/Flask/MegaTutorial/microblog/venv/lib/python3.7/site-packages/sqlalchemy/orm/persistence.py", line 978, in _emit_update_statements
    statement, multiparams
  File "/Users/RamanSB/Documents/Python/Python Lesuire/Flask/MegaTutorial/microblog/venv/lib/python3.7/site-packages/sqlalchemy/engine/base.py", line 988, in execute
    return meth(self, multiparams, params)
  File "/Users/RamanSB/Documents/Python/Python Lesuire/Flask/MegaTutorial/microblog/venv/lib/python3.7/site-packages/sqlalchemy/sql/elements.py", line 287, in _execute_on_connection
    return connection._execute_clauseelement(self, multiparams, params)
  File "/Users/RamanSB/Documents/Python/Python Lesuire/Flask/MegaTutorial/microblog/venv/lib/python3.7/site-packages/sqlalchemy/engine/base.py", line 1107, in _execute_clauseelement
    distilled_params,
  File "/Users/RamanSB/Documents/Python/Python Lesuire/Flask/MegaTutorial/microblog/venv/lib/python3.7/site-packages/sqlalchemy/engine/base.py", line 1248, in _execute_context
    e, statement, parameters, cursor, context
  File "/Users/RamanSB/Documents/Python/Python Lesuire/Flask/MegaTutorial/microblog/venv/lib/python3.7/site-packages/sqlalchemy/engine/base.py", line 1466, in _handle_dbapi_exception
    util.raise_from_cause(sqlalchemy_exception, exc_info)
  File "/Users/RamanSB/Documents/Python/Python Lesuire/Flask/MegaTutorial/microblog/venv/lib/python3.7/site-packages/sqlalchemy/util/compat.py", line 383, in raise_from_cause
    reraise(type(exception), exception, tb=exc_tb, cause=cause)
  File "/Users/RamanSB/Documents/Python/Python Lesuire/Flask/MegaTutorial/microblog/venv/lib/python3.7/site-packages/sqlalchemy/util/compat.py", line 128, in reraise
    raise value.with_traceback(tb)
  File "/Users/RamanSB/Documents/Python/Python Lesuire/Flask/MegaTutorial/microblog/venv/lib/python3.7/site-packages/sqlalchemy/engine/base.py", line 1244, in _execute_context
    cursor, statement, parameters, context
  File "/Users/RamanSB/Documents/Python/Python Lesuire/Flask/MegaTutorial/microblog/venv/lib/python3.7/site-packages/sqlalchemy/engine/default.py", line 552, in do_execute
    cursor.execute(statement, parameters)
sqlalchemy.exc.IntegrityError: (sqlite3.IntegrityError) UNIQUE constraint failed: user.username
[SQL: UPDATE user SET username=?, about_me=? WHERE user.id = ?]
[parameters: ('rabbit', '', 2)]
(Background on this error at: http://sqlalche.me/e/gkpj)
2019-03-31 15:53:35,139 INFO: Microblog startup [in /Users/RamanSB/Documents/Python/Python Lesuire/Flask/MegaTutorial/microblog/app/__init__.py:39]
2019-03-31 16:39:04,996 INFO: Microblog startup [in /Users/RamanSB/Documents/Python/Python Lesuire/Flask/MegaTutorial/microblog/app/__init__.py:39]
2019-04-01 18:44:57,250 INFO: Microblog startup [in /Users/RamanSB/Documents/Python/Python Lesuire/Flask/MegaTutorial/microblog/app/__init__.py:39]
2019-04-01 18:45:48,187 INFO: Microblog startup [in /Users/RamanSB/Documents/Python/Python Lesuire/Flask/MegaTutorial/microblog/app/__init__.py:39]
2019-04-01 18:46:13,918 INFO: Microblog startup [in /Users/RamanSB/Documents/Python/Python Lesuire/Flask/MegaTutorial/microblog/app/__init__.py:39]
2019-04-01 20:36:23,055 INFO: Microblog startup [in /Users/RamanSB/Documents/Python/Python Lesuire/Flask/MegaTutorial/microblog/app/__init__.py:39]
2019-04-01 20:37:01,979 INFO: Microblog startup [in /Users/RamanSB/Documents/Python/Python Lesuire/Flask/MegaTutorial/microblog/app/__init__.py:39]
2019-04-01 20:37:14,417 INFO: Microblog startup [in /Users/RamanSB/Documents/Python/Python Lesuire/Flask/MegaTutorial/microblog/app/__init__.py:39]
2019-04-01 20:37:41,234 INFO: Microblog startup [in /Users/RamanSB/Documents/Python/Python Lesuire/Flask/MegaTutorial/microblog/app/__init__.py:39]
2019-04-01 20:38:18,862 INFO: Microblog startup [in /Users/RamanSB/Documents/Python/Python Lesuire/Flask/MegaTutorial/microblog/app/__init__.py:39]
2019-04-01 20:40:47,924 INFO: Microblog startup [in /Users/RamanSB/Documents/Python/Python Lesuire/Flask/MegaTutorial/microblog/app/__init__.py:39]
2019-04-01 20:41:57,311 INFO: Microblog startup [in /Users/RamanSB/Documents/Python/Python Lesuire/Flask/MegaTutorial/microblog/app/__init__.py:39]
2019-04-01 20:42:41,267 INFO: Microblog startup [in /Users/RamanSB/Documents/Python/Python Lesuire/Flask/MegaTutorial/microblog/app/__init__.py:39]
2019-04-01 20:43:16,446 INFO: Microblog startup [in /Users/RamanSB/Documents/Python/Python Lesuire/Flask/MegaTutorial/microblog/app/__init__.py:39]
2019-04-01 21:02:24,464 INFO: Microblog startup [in /Users/RamanSB/Documents/Python/Python Lesuire/Flask/MegaTutorial/microblog/app/__init__.py:39]
